<?xml version="1.0" encoding="UTF-8"?>
<testsuite xmlns:xsi="http://www.w3.org/2001/XMLSchema-instance" xsi:noNamespaceSchemaLocation="https://maven.apache.org/surefire/maven-surefire-plugin/xsd/surefire-test-report-3.0.xsd" version="3.0" name="com.openmrs.runners.Runner" time="105.646" tests="8" errors="0" skipped="0" failures="0">
  <properties>
[...]
</properties>
  <testcase name="Positive Login Functionality(Happy Path)" classname="Testing Login Functionality for OpenMrs" time="17.489">
    <system-out><![CDATA[
@smoke @regression
Scenario: Positive Login Functionality(Happy Path)                                                                 &amp#27;[90m# src/test/resources/features/ui/Login.feature:4&amp#27;[0m
  &amp#27;[32mGiven &amp#27;[0m&amp#27;[32mUser provides the &amp#27;[0m&amp#27;[32m&amp#27;[1m'QA_username'&amp#27;[0m&amp#27;[32m and &amp#27;[0m&amp#27;[32m&amp#27;[1m'QA_password'&amp#27;[0m&amp#27;[32m with login&amp#27;[0m                                               &amp#27;[90m# com.openmrs.stepdefinitions.LoginStepDef.user_provides_the_and_with_login(java.lang.String,java.lang.String)&amp#27;[0m
  &amp#27;[32mThen &amp#27;[0m&amp#27;[32mUser validates the &amp#27;[0m&amp#27;[32m&amp#27;[1m'Ecommerce App'&amp#27;[0m&amp#27;[32m and &amp#27;[0m&amp#27;[32m&amp#27;[1m'http://codefish-io-qa.s3-website-ap-northeast-1.amazonaws.com/home'&amp#27;[0m &amp#27;[90m# com.openmrs.stepdefinitions.LoginStepDef.user_validates_the_and(java.lang.String,java.lang.String)&amp#27;[0m
]]></system-out>
    <system-err><![CDATA[SLF4J: No SLF4J providers were found.
SLF4J: Defaulting to no-operation (NOP) logger implementation
SLF4J: See https://www.slf4j.org/codes.html#noProviders for further details.
Starting ChromeDriver 113.0.5672.63 (0e1a4471d5ae5bf128b1bd8f4d627c8cbd55f70c-refs/branch-heads/5672@{#912}) on port 48538
Only local connections are allowed.
Please see https://chromedriver.chromium.org/security-considerations for suggestions on keeping ChromeDriver safe.
ChromeDriver was started successfully.
May 19, 2023 9:37:57 PM org.openqa.selenium.devtools.CdpVersionFinder findNearestMatch
WARNING: Unable to find an exact match for CDP version 113, so returning the closest version found: 112
]]></system-err>
  </testcase>
  <testcase name="Negative Login Functionality #1" classname="Testing Login Functionality for OpenMrs" time="12.262">
    <system-out><![CDATA[
@smoke @regression
Scenario Outline: Negative Login Functionality &amp#27;[90m# src/test/resources/features/ui/Login.feature:13&amp#27;[0m
  &amp#27;[32mGiven &amp#27;[0m&amp#27;[32mUser provides &amp#27;[0m&amp#27;[32m&amp#27;[1m'Ellen'&amp#27;[0m&amp#27;[32m and &amp#27;[0m&amp#27;[32m&amp#27;[1m'12345'&amp#27;[0m      &amp#27;[90m# com.openmrs.stepdefinitions.LoginStepDef.user_provides_and(java.lang.String,java.lang.String)&amp#27;[0m
  &amp#27;[32mThen &amp#27;[0m&amp#27;[32mUser validates &amp#27;[0m&amp#27;[32m&amp#27;[1m'Authentication failed'&amp#27;[0m  &amp#27;[90m# com.openmrs.stepdefinitions.LoginStepDef.user_validates(java.lang.String)&amp#27;[0m
]]></system-out>
  </testcase>
  <testcase name="Negative Login Functionality #2" classname="Testing Login Functionality for OpenMrs" time="12.868">
    <system-out><![CDATA[
@smoke @regression
Scenario Outline: Negative Login Functionality &amp#27;[90m# src/test/resources/features/ui/Login.feature:14&amp#27;[0m
  &amp#27;[32mGiven &amp#27;[0m&amp#27;[32mUser provides &amp#27;[0m&amp#27;[32m&amp#27;[1m'jkdgyuy'&amp#27;[0m&amp#27;[32m and &amp#27;[0m&amp#27;[32m&amp#27;[1m'1313'&amp#27;[0m     &amp#27;[90m# com.openmrs.stepdefinitions.LoginStepDef.user_provides_and(java.lang.String,java.lang.String)&amp#27;[0m
  &amp#27;[32mThen &amp#27;[0m&amp#27;[32mUser validates &amp#27;[0m&amp#27;[32m&amp#27;[1m'Authentication failed'&amp#27;[0m  &amp#27;[90m# com.openmrs.stepdefinitions.LoginStepDef.user_validates(java.lang.String)&amp#27;[0m
]]></system-out>
  </testcase>
  <testcase name="Negative Login Functionality #3" classname="Testing Login Functionality for OpenMrs" time="12.549">
    <system-out><![CDATA[
@smoke @regression
Scenario Outline: Negative Login Functionality &amp#27;[90m# src/test/resources/features/ui/Login.feature:15&amp#27;[0m
  &amp#27;[32mGiven &amp#27;[0m&amp#27;[32mUser provides &amp#27;[0m&amp#27;[32m&amp#27;[1m'0'&amp#27;[0m&amp#27;[32m and &amp#27;[0m&amp#27;[32m&amp#27;[1m'0'&amp#27;[0m              &amp#27;[90m# com.openmrs.stepdefinitions.LoginStepDef.user_provides_and(java.lang.String,java.lang.String)&amp#27;[0m
  &amp#27;[32mThen &amp#27;[0m&amp#27;[32mUser validates &amp#27;[0m&amp#27;[32m&amp#27;[1m'Authentication failed'&amp#27;[0m  &amp#27;[90m# com.openmrs.stepdefinitions.LoginStepDef.user_validates(java.lang.String)&amp#27;[0m
]]></system-out>
  </testcase>
  <testcase name="Negative Login Functionality #4" classname="Testing Login Functionality for OpenMrs" time="12.535">
    <system-out><![CDATA[
@smoke @regression
Scenario Outline: Negative Login Functionality &amp#27;[90m# src/test/resources/features/ui/Login.feature:16&amp#27;[0m
  &amp#27;[32mGiven &amp#27;[0m&amp#27;[32mUser provides &amp#27;[0m&amp#27;[32m&amp#27;[1m'1234'&amp#27;[0m&amp#27;[32m and &amp#27;[0m&amp#27;[32m&amp#27;[1m'Admin'&amp#27;[0m       &amp#27;[90m# com.openmrs.stepdefinitions.LoginStepDef.user_provides_and(java.lang.String,java.lang.String)&amp#27;[0m
  &amp#27;[32mThen &amp#27;[0m&amp#27;[32mUser validates &amp#27;[0m&amp#27;[32m&amp#27;[1m'Authentication failed'&amp#27;[0m  &amp#27;[90m# com.openmrs.stepdefinitions.LoginStepDef.user_validates(java.lang.String)&amp#27;[0m
]]></system-out>
  </testcase>
  <testcase name="Negative Login Functionality #5" classname="Testing Login Functionality for OpenMrs" time="12.541">
    <system-out><![CDATA[
@smoke @regression
Scenario Outline: Negative Login Functionality &amp#27;[90m# src/test/resources/features/ui/Login.feature:17&amp#27;[0m
  &amp#27;[32mGiven &amp#27;[0m&amp#27;[32mUser provides &amp#27;[0m&amp#27;[32m&amp#27;[1m'$%$%$%'&amp#27;[0m&amp#27;[32m and &amp#27;[0m&amp#27;[32m&amp#27;[1m'%^%^%^'&amp#27;[0m    &amp#27;[90m# com.openmrs.stepdefinitions.LoginStepDef.user_provides_and(java.lang.String,java.lang.String)&amp#27;[0m
  &amp#27;[32mThen &amp#27;[0m&amp#27;[32mUser validates &amp#27;[0m&amp#27;[32m&amp#27;[1m'Authentication failed'&amp#27;[0m  &amp#27;[90m# com.openmrs.stepdefinitions.LoginStepDef.user_validates(java.lang.String)&amp#27;[0m
]]></system-out>
  </testcase>
  <testcase name="Negative Login Functionality #6" classname="Testing Login Functionality for OpenMrs" time="12.558">
    <system-out><![CDATA[
@smoke @regression
Scenario Outline: Negative Login Functionality &amp#27;[90m# src/test/resources/features/ui/Login.feature:18&amp#27;[0m
  &amp#27;[32mGiven &amp#27;[0m&amp#27;[32mUser provides &amp#27;[0m&amp#27;[32m&amp#27;[1m'ELLEN'&amp#27;[0m&amp#27;[32m and &amp#27;[0m&amp#27;[32m&amp#27;[1m'1313'&amp#27;[0m       &amp#27;[90m# com.openmrs.stepdefinitions.LoginStepDef.user_provides_and(java.lang.String,java.lang.String)&amp#27;[0m
  &amp#27;[32mThen &amp#27;[0m&amp#27;[32mUser validates &amp#27;[0m&amp#27;[32m&amp#27;[1m'Authentication failed'&amp#27;[0m  &amp#27;[90m# com.openmrs.stepdefinitions.LoginStepDef.user_validates(java.lang.String)&amp#27;[0m
]]></system-out>
  </testcase>
  <testcase name="Negative Login Functionality #7" classname="Testing Login Functionality for OpenMrs" time="12.523">
    <system-out><![CDATA[
@smoke @regression
Scenario Outline: Negative Login Functionality &amp#27;[90m# src/test/resources/features/ui/Login.feature:19&amp#27;[0m
  &amp#27;[32mGiven &amp#27;[0m&amp#27;[32mUser provides &amp#27;[0m&amp#27;[32m&amp#27;[1m'ellen'&amp#27;[0m&amp#27;[32m and &amp#27;[0m&amp#27;[32m&amp#27;[1m'1313'&amp#27;[0m       &amp#27;[90m# com.openmrs.stepdefinitions.LoginStepDef.user_provides_and(java.lang.String,java.lang.String)&amp#27;[0m
  &amp#27;[32mThen &amp#27;[0m&amp#27;[32mUser validates &amp#27;[0m&amp#27;[32m&amp#27;[1m'Authentication failed'&amp#27;[0m  &amp#27;[90m# com.openmrs.stepdefinitions.LoginStepDef.user_validates(java.lang.String)&amp#27;[0m
]]></system-out>
  </testcase>
</testsuite>